<?xml version="1.0" encoding="UTF-8"?>
<!-- Generated by org.testng.reporters.JUnitReportReporter -->
<testsuite skipped="0" hostname="YP1009283DT" name="com.practice.tests.OutlookMail" tests="1" failures="0" timestamp="02 Jul 2019 05:53:04 GMT" time="13.880" errors="0">
  <testcase name="switch_To_Outlook_Mail" time="13.880" classname="com.practice.tests.OutlookMail"/>
</testsuite> <!-- com.practice.tests.OutlookMail -->
