<?xml version="1.0" encoding="UTF-8"?>
<!-- Generated by org.testng.reporters.JUnitReportReporter -->
<testsuite skipped="0" hostname="YP1009283DT" name="com.practice.tests.GoogleSearchTest" tests="1" failures="0" timestamp="23 Apr 2019 07:15:14 GMT" time="47.096" errors="0">
  <testcase name="googleSearchTest" time="47.096" classname="com.practice.tests.GoogleSearchTest"/>
</testsuite> <!-- com.practice.tests.GoogleSearchTest -->
