<?xml version="1.0" encoding="UTF-8"?>
<!-- Generated by org.testng.reporters.JUnitReportReporter -->
<testsuite skipped="0" hostname="YP1009283DT" name="com.practice.tests.TestNG_Grouping" tests="3" failures="0" timestamp="10 May 2019 06:44:38 GMT" time="0.011" errors="0">
  <testcase name="Car1" time="0.008" classname="com.practice.tests.TestNG_Grouping"/>
  <testcase name="Sedan1" time="0.002" classname="com.practice.tests.TestNG_Grouping"/>
  <testcase name="Car2" time="0.001" classname="com.practice.tests.TestNG_Grouping"/>
</testsuite> <!-- com.practice.tests.TestNG_Grouping -->
