<?xml version="1.0" encoding="UTF-8"?>
<!-- Generated by org.testng.reporters.JUnitReportReporter -->
<testsuite skipped="0" hostname="YP1009283DT" name="com.practice.tests.SingleInstanceMultipleSites" tests="1" failures="0" timestamp="26 Jun 2019 10:29:18 GMT" time="3.688" errors="0">
  <testcase name="switchingTabsusingSameBrowser" time="3.688" classname="com.practice.tests.SingleInstanceMultipleSites"/>
</testsuite> <!-- com.practice.tests.SingleInstanceMultipleSites -->
