<?xml version="1.0" encoding="UTF-8"?>
<!-- Generated by org.testng.reporters.JUnitReportReporter -->
<testsuite skipped="0" hostname="YP1009283DT" name="com.practice.tests.DynamicListInExcel" tests="1" failures="0" timestamp="20 Jun 2019 07:19:41 GMT" time="39.886" errors="0">
  <testcase name="infogramList" time="39.886" classname="com.practice.tests.DynamicListInExcel"/>
</testsuite> <!-- com.practice.tests.DynamicListInExcel -->
